<?xml version="1.0" encoding="UTF-8"?>
<!-- Generated by org.testng.reporters.JUnitReportReporter -->
<testsuite hostname="joshwas-MacBook-Pro.local" failures="0" tests="1" name="com.impact.testcases.HomePageTest" time="10.004" errors="0" timestamp="2022-03-16T01:11:04 CDT" skipped="0">
  <testcase classname="com.impact.testcases.HomePageTest" name="BackpackPurchaseTest" time="10.004"/>
  <system-out/>
</testsuite> <!-- com.impact.testcases.HomePageTest -->
