<?xml version="1.0" encoding="UTF-8"?>
<!-- Generated by org.testng.reporters.JUnitReportReporter -->
<testsuite hostname="joshwas-MacBook-Pro.local" failures="0" tests="5" name="com.impact.testcases.LoginPageTest" time="35.284" errors="0" timestamp="2022-03-15T23:51:05 CDT" skipped="0">
  <testcase classname="com.impact.testcases.LoginPageTest" name="loginPageTitleTest" time="4.597"/>
  <system-out/>
  <testcase classname="com.impact.testcases.LoginPageTest" name="standard_userloginTest" time="5.194"/>
  <system-out/>
  <testcase classname="com.impact.testcases.LoginPageTest" name="locked_out_userTest" time="4.998"/>
  <system-out/>
  <testcase classname="com.impact.testcases.LoginPageTest" name="problem_userTest" time="10.364"/>
  <system-out/>
  <testcase classname="com.impact.testcases.LoginPageTest" name="performance_glitch_userTest" time="10.131"/>
  <system-out/>
</testsuite> <!-- com.impact.testcases.LoginPageTest -->
